<?xml version="1.0" encoding="UTF-8"?>
<!-- Generated by org.testng.reporters.JUnitXMLReporter -->
<testsuite ignored="14" hostname="Vignesh" failures="0" tests="1" name="Test" time="0.121" errors="0" timestamp="2022-05-28T22:18:42 IST">
  <testcase classname="sampleprograms.Testng_Annotations_Parameters_Egs" name="test4" time="0.02"/>
  <testcase classname="sampleprograms.Annotations" name="test2" time="0.0">
    <ignored/>
  </testcase> <!-- test2 -->
  <testcase classname="sampleprograms.Annotations" name="test1" time="0.0">
    <ignored/>
  </testcase> <!-- test1 -->
  <testcase classname="sampleprograms.firsttest" name="google" time="0.0">
    <ignored/>
  </testcase> <!-- google -->
  <testcase classname="sampleprograms.firsttest" name="facebook" time="0.0">
    <ignored/>
  </testcase> <!-- facebook -->
  <testcase classname="sampleprograms.ExceptedExceptions" name="test2" time="0.0">
    <ignored/>
  </testcase> <!-- test2 -->
  <testcase classname="sampleprograms.Testng_Annotations_Parameters_Egs" name="test2" time="0.0">
    <ignored/>
  </testcase> <!-- test2 -->
  <testcase classname="sampleprograms.Testng_Annotations_Parameters_Egs" name="test3" time="0.0">
    <ignored/>
  </testcase> <!-- test3 -->
  <testcase classname="sampleprograms.ExceptedExceptions" name="test1" time="0.0">
    <ignored/>
  </testcase> <!-- test1 -->
  <testcase classname="sampleprograms.Annotations2" name="test2" time="0.0">
    <ignored/>
  </testcase> <!-- test2 -->
  <testcase classname="sampleprograms.Testng_Annotations_Parameters_Egs" name="test1" time="0.0">
    <ignored/>
  </testcase> <!-- test1 -->
  <testcase classname="sampleprograms.Annotations2" name="test1" time="0.0">
    <ignored/>
  </testcase> <!-- test1 -->
  <testcase classname="sampleprograms.Facebook" name="Signup" time="0.0">
    <ignored/>
  </testcase> <!-- Signup -->
  <testcase classname="sampleprograms.Facebook" name="Launchfacebook" time="0.0">
    <ignored/>
  </testcase> <!-- Launchfacebook -->
  <testcase classname="sampleprograms.Facebook" name="CreateNewAcct" time="0.0">
    <ignored/>
  </testcase> <!-- CreateNewAcct -->
</testsuite> <!-- Test -->
