<?xml version="1.0" encoding="UTF-8"?>
<testng-results ignored="14" total="15" passed="1" failed="0" skipped="0">
  <reporter-output>
  </reporter-output>
  <suite started-at="2022-05-28T22:18:42 IST" name="Suite" finished-at="2022-05-28T22:18:42 IST" duration-ms="121">
    <groups>
      <group name="Sanity">
        <method signature="Testng_Annotations_Parameters_Egs.test4()[pri:0, instance:sampleprograms.Testng_Annotations_Parameters_Egs@4d1c005e]" name="test4" class="sampleprograms.Testng_Annotations_Parameters_Egs"/>
      </group> <!-- Sanity -->
      <group name="Smoke">
        <method signature="Testng_Annotations_Parameters_Egs.test4()[pri:0, instance:sampleprograms.Testng_Annotations_Parameters_Egs@4d1c005e]" name="test4" class="sampleprograms.Testng_Annotations_Parameters_Egs"/>
      </group> <!-- Smoke -->
    </groups>
    <test started-at="2022-05-28T22:18:42 IST" name="Test" finished-at="2022-05-28T22:18:42 IST" duration-ms="121">
      <class name="sampleprograms.Testng_Annotations_Parameters_Egs">
        <test-method signature="test4()[pri:0, instance:sampleprograms.Testng_Annotations_Parameters_Egs@4d1c005e]" started-at="2022-05-28T22:18:42 IST" name="test4" description="test4 method" finished-at="2022-05-28T22:18:42 IST" duration-ms="20" status="PASS">
          <reporter-output>
          </reporter-output>
        </test-method> <!-- test4 -->
      </class> <!-- sampleprograms.Testng_Annotations_Parameters_Egs -->
    </test> <!-- Test -->
  </suite> <!-- Suite -->
</testng-results>
